0 info it worked if it ends with ok
1 verbose cli [ 'C:\\Program Files\\nodejs\\node.exe',
1 verbose cli   'C:\\Program Files\\nodejs\\node_modules\\npm\\bin\\npm-cli.js',
1 verbose cli   'run',
1 verbose cli   'dev' ]
2 info using npm@3.10.10
3 info using node@v6.10.3
4 verbose run-script [ 'predev', 'dev', 'postdev' ]
5 info lifecycle jarnotesversion2@1.0.0~predev: jarnotesversion2@1.0.0
6 silly lifecycle jarnotesversion2@1.0.0~predev: no script for predev, continuing
7 info lifecycle jarnotesversion2@1.0.0~dev: jarnotesversion2@1.0.0
8 verbose lifecycle jarnotesversion2@1.0.0~dev: unsafe-perm in lifecycle true
9 verbose lifecycle jarnotesversion2@1.0.0~dev: PATH: C:\Program Files\nodejs\node_modules\npm\bin\node-gyp-bin;C:\Users\Raquel\Documents\jarNotesVersion2\node_modules\.bin;C:\Users\Raquel\bin;C:\Program Files\Git\mingw64\bin;C:\Program Files\Git\usr\local\bin;C:\Program Files\Git\usr\bin;C:\Program Files\Git\usr\bin;C:\Program Files\Git\mingw64\bin;C:\Program Files\Git\usr\bin;C:\Users\Raquel\bin;C:\ProgramData\Oracle\Java\javapath;C:\app\client\Raquel\product\12.1.0\client_3;C:\app\client\Raquel\product\12.1.0\client_3\bin;C:\oraclexe\app\oracle\product\11.2.0\server\bin;C:\app\Raquel\product\11.2.0\client_1\bin;C:\Program Files (x86)\Intel\iCLS Client;C:\Program Files\Intel\iCLS Client;C:\WINDOWS\system32;C:\WINDOWS;C:\WINDOWS\System32\Wbem;C:\WINDOWS\System32\WindowsPowerShell\v1.0;C:\Program Files (x86)\Intel\Intel(R) Management Engine Components\DAL;C:\Program Files\Intel\Intel(R) Management Engine Components\DAL;C:\Program Files (x86)\Intel\Intel(R) Management Engine Components\IPT;C:\Program Files\Intel\Intel(R) Management Engine Components\IPT;C:\Program Files\Microsoft SQL Server\130\Tools\Binn;C:\Program Files\Microsoft SQL Server\120\Tools\Binn;C:\Program Files\Microsoft SQL Server\Client SDK\ODBC\110\Tools\Binn;C:\Program Files (x86)\Microsoft SQL Server\120\Tools\Binn;C:\Program Files\Microsoft SQL Server\120\DTS\Binn;C:\Program Files (x86)\Microsoft SQL Server\120\Tools\Binn\ManagementStudio;C:\Program Files (x86)\Microsoft SQL Server\120\DTS\Binn;C:\Program Files\Microsoft SQL Server\110\DTS\Binn;C:\Program Files (x86)\Microsoft SQL Server\110\Tools\Binn;C:\Program Files\Microsoft SQL Server\110\Tools\Binn;C:\Program Files (x86)\Microsoft SQL Server\110\Tools\Binn\ManagementStudio;C:\Program Files (x86)\Microsoft Visual Studio 10.0\Common7\IDE\PrivateAssemblies;C:\Program Files (x86)\Microsoft SQL Server\110\DTS\Binn;C:\Program Files (x86)\Skype\Phone;C:\Program Files\Java\jdk1.7.0_10\bin;C:\Program Files\Git\cmd;C:\Strawberry\c\bin;C:\Strawberry\perl\site\bin;C:\Strawberry\perl\bin;C:\Program Files\Intel\WiFi\bin;C:\Program Files\Common Files\Intel\WirelessCommon;C:\Program Files (x86)\Brackets\command;C:\Program Files\Microsoft\Web Platform Installer;C:\Program Files\dotnet;C:\Users\Raquel\AppData\Roaming\nvm;C:\Program Files\nodejs;C:\Program Files\nodejs;C:\Program Files (x86)\Yarn\bin;C:\Program Files\TortoiseGit\bin;C:\Users\Raquel\AppData\Local\Microsoft\WindowsApps;C:\Program Files\apache-ant-1.10.1\bin;C:\Users\Raquel\AppData\Roaming\nvm;C:\Program Files\nodejs;C:\Users\Raquel\AppData\Roaming\npm;C:\Program Files (x86)\Microsoft VS Code\bin;C:\Users\Raquel\AppData\Local\Yarn\.bin;C:\Program Files\Git\usr\bin\vendor_perl;C:\Program Files\Git\usr\bin\core_perl
10 verbose lifecycle jarnotesversion2@1.0.0~dev: CWD: C:\Users\Raquel\Documents\jarNotesVersion2
11 silly lifecycle jarnotesversion2@1.0.0~dev: Args: [ '/d /s /c', 'webpack-dev-server' ]
12 silly lifecycle jarnotesversion2@1.0.0~dev: Returned: code: 1  signal: null
13 info lifecycle jarnotesversion2@1.0.0~dev: Failed to exec dev script
14 verbose stack Error: jarnotesversion2@1.0.0 dev: `webpack-dev-server`
14 verbose stack Exit status 1
14 verbose stack     at EventEmitter.<anonymous> (C:\Program Files\nodejs\node_modules\npm\lib\utils\lifecycle.js:255:16)
14 verbose stack     at emitTwo (events.js:106:13)
14 verbose stack     at EventEmitter.emit (events.js:191:7)
14 verbose stack     at ChildProcess.<anonymous> (C:\Program Files\nodejs\node_modules\npm\lib\utils\spawn.js:40:14)
14 verbose stack     at emitTwo (events.js:106:13)
14 verbose stack     at ChildProcess.emit (events.js:191:7)
14 verbose stack     at maybeClose (internal/child_process.js:886:16)
14 verbose stack     at Process.ChildProcess._handle.onexit (internal/child_process.js:226:5)
15 verbose pkgid jarnotesversion2@1.0.0
16 verbose cwd C:\Users\Raquel\Documents\jarNotesVersion2
17 error Windows_NT 10.0.14393
18 error argv "C:\\Program Files\\nodejs\\node.exe" "C:\\Program Files\\nodejs\\node_modules\\npm\\bin\\npm-cli.js" "run" "dev"
19 error node v6.10.3
20 error npm  v3.10.10
21 error code ELIFECYCLE
22 error jarnotesversion2@1.0.0 dev: `webpack-dev-server`
22 error Exit status 1
23 error Failed at the jarnotesversion2@1.0.0 dev script 'webpack-dev-server'.
23 error Make sure you have the latest version of node.js and npm installed.
23 error If you do, this is most likely a problem with the jarnotesversion2 package,
23 error not with npm itself.
23 error Tell the author that this fails on your system:
23 error     webpack-dev-server
23 error You can get information on how to open an issue for this project with:
23 error     npm bugs jarnotesversion2
23 error Or if that isn't available, you can get their info via:
23 error     npm owner ls jarnotesversion2
23 error There is likely additional logging output above.
24 verbose exit [ 1, true ]
